0 info it worked if it ends with ok
1 verbose cli [ 'F:\\Code\\libraries\\nodejs\\node.exe',
1 verbose cli   'F:\\Code\\libraries\\nodejs\\node_modules\\npm\\bin\\npm-cli.js',
1 verbose cli   'run',
1 verbose cli   'dev' ]
2 info using npm@3.10.10
3 info using node@v6.9.5
4 verbose run-script [ 'predev', 'dev', 'postdev' ]
5 info lifecycle dssl-story@0.0.1~predev: dssl-story@0.0.1
6 silly lifecycle dssl-story@0.0.1~predev: no script for predev, continuing
7 info lifecycle dssl-story@0.0.1~dev: dssl-story@0.0.1
8 verbose lifecycle dssl-story@0.0.1~dev: unsafe-perm in lifecycle true
9 verbose lifecycle dssl-story@0.0.1~dev: PATH: F:\Code\libraries\nodejs\node_modules\npm\bin\node-gyp-bin;F:\Code\gitHub\dssl-story\node_modules\.bin;C:\Windows\system32;C:\Windows;C:\Windows\System32\Wbem;C:\Windows\System32\WindowsPowerShell\v1.0\;C:\Program Files (x86)\NVIDIA Corporation\PhysX\Common;C:\Program Files (x86)\Skype\Phone\;C:\Program Files (x86)\Calibre2\;F:\Code\libraries\nodejs\;C:\Users\Ashley\AppData\Local\atom\bin;C:\Program Files (x86)\Microsoft VS Code\bin;C:\Users\Ashley\AppData\Roaming\npm
10 verbose lifecycle dssl-story@0.0.1~dev: CWD: F:\Code\gitHub\dssl-story
11 silly lifecycle dssl-story@0.0.1~dev: Args: [ '/d /s /c', 'nodemon index.js' ]
12 silly lifecycle dssl-story@0.0.1~dev: Returned: code: 3221225786  signal: null
13 info lifecycle dssl-story@0.0.1~dev: Failed to exec dev script
14 verbose stack Error: dssl-story@0.0.1 dev: `nodemon index.js`
14 verbose stack Exit status 3221225786
14 verbose stack     at EventEmitter.<anonymous> (F:\Code\libraries\nodejs\node_modules\npm\lib\utils\lifecycle.js:255:16)
14 verbose stack     at emitTwo (events.js:106:13)
14 verbose stack     at EventEmitter.emit (events.js:191:7)
14 verbose stack     at ChildProcess.<anonymous> (F:\Code\libraries\nodejs\node_modules\npm\lib\utils\spawn.js:40:14)
14 verbose stack     at emitTwo (events.js:106:13)
14 verbose stack     at ChildProcess.emit (events.js:191:7)
14 verbose stack     at maybeClose (internal/child_process.js:877:16)
14 verbose stack     at Process.ChildProcess._handle.onexit (internal/child_process.js:226:5)
15 verbose pkgid dssl-story@0.0.1
16 verbose cwd F:\Code\gitHub\dssl-story
17 error Windows_NT 6.1.7601
18 error argv "F:\\Code\\libraries\\nodejs\\node.exe" "F:\\Code\\libraries\\nodejs\\node_modules\\npm\\bin\\npm-cli.js" "run" "dev"
19 error node v6.9.5
20 error npm  v3.10.10
21 error code ELIFECYCLE
22 error dssl-story@0.0.1 dev: `nodemon index.js`
22 error Exit status 3221225786
23 error Failed at the dssl-story@0.0.1 dev script 'nodemon index.js'.
23 error Make sure you have the latest version of node.js and npm installed.
23 error If you do, this is most likely a problem with the dssl-story package,
23 error not with npm itself.
23 error Tell the author that this fails on your system:
23 error     nodemon index.js
23 error You can get information on how to open an issue for this project with:
23 error     npm bugs dssl-story
23 error Or if that isn't available, you can get their info via:
23 error     npm owner ls dssl-story
23 error There is likely additional logging output above.
24 verbose exit [ 1, true ]
